TAP version 13
# Subtest: production runtime dependency pack is committed at the current canonical path
ok 1 - production runtime dependency pack is committed at the current canonical path
  ---
  duration_ms: 124.919375
  type: 'test'
  ...
# Subtest: production runtime dependency pack manifest records freshness and dependency-only provenance
ok 2 - production runtime dependency pack manifest records freshness and dependency-only provenance
  ---
  duration_ms: 6.020459
  type: 'test'
  ...
# Subtest: generated artifact freshness script verifies the production runtime dependency pack
ok 3 - generated artifact freshness script verifies the production runtime dependency pack
  ---
  duration_ms: 156.058625
  type: 'test'
  ...
# Subtest: generated artifact verification uses explicit published targets instead of the verifier host
ok 4 - generated artifact verification uses explicit published targets instead of the verifier host
  ---
  duration_ms: 88.328042
  type: 'test'
  ...
# Subtest: published runtime pack verifier rejects stale, unsafe, or fixture-only artifacts
ok 5 - published runtime pack verifier rejects stale, unsafe, or fixture-only artifacts
  ---
  duration_ms: 684.452208
  type: 'test'
  ...
# Subtest: CI checks committed generated artifacts before rebuilding runtime dependency packs
ok 6 - CI checks committed generated artifacts before rebuilding runtime dependency packs
  ---
  duration_ms: 1.317208
  type: 'test'
  ...
1..6
# tests 6
# suites 0
# pass 6
# fail 0
# cancelled 0
# skipped 0
# todo 0
# duration_ms 1148.059625
