TAP version 13
# Subtest: runtime cache resolution honors configured, environment, XDG, and HOME fallbacks
ok 1 - runtime cache resolution honors configured, environment, XDG, and HOME fallbacks
  ---
  duration_ms: 7.98475
  type: 'test'
  ...
# Subtest: prepareRuntime restores dependencies, reuses current cache, and imports updated source mirrors
ok 2 - prepareRuntime restores dependencies, reuses current cache, and imports updated source mirrors
  ---
  duration_ms: 38.464875
  type: 'test'
  ...
# Subtest: restoreRuntimeDependencies repairs corrupt or incomplete cache markers
ok 3 - restoreRuntimeDependencies repairs corrupt or incomplete cache markers
  ---
  duration_ms: 12.104417
  type: 'test'
  ...
# Subtest: restoreRuntimeDependencies fails before extraction when the cache path is not writable as a directory
ok 4 - restoreRuntimeDependencies fails before extraction when the cache path is not writable as a directory
  ---
  duration_ms: 6.846709
  type: 'test'
  ...
# Subtest: source hashing ignores nested node_modules and mirrors clean up staging directories
ok 5 - source hashing ignores nested node_modules and mirrors clean up staging directories
  ---
  duration_ms: 8.401916
  type: 'test'
  ...
# Subtest: bootstrap pack verifier rejects missing metadata, drift, corrupt archives, and bundled source
ok 6 - bootstrap pack verifier rejects missing metadata, drift, corrupt archives, and bundled source
  ---
  duration_ms: 41.707375
  type: 'test'
  ...
# Subtest: extractRuntimeArchive handles tar name variants and rejects unsafe paths
ok 7 - extractRuntimeArchive handles tar name variants and rejects unsafe paths
  ---
  duration_ms: 5.679833
  type: 'test'
  ...
# Subtest: runtime pack diagnostics list expected paths, available targets, and remediation
ok 8 - runtime pack diagnostics list expected paths, available targets, and remediation
  ---
  duration_ms: 1.613208
  type: 'test'
  ...
1..8
# tests 8
# suites 0
# pass 8
# fail 0
# cancelled 0
# skipped 0
# todo 0
# duration_ms 218.425375
