TAP version 13
# Subtest: cold start restores the committed production snapshot without rebuild or embeddings
ok 1 - cold start restores the committed production snapshot without rebuild or embeddings
  ---
  duration_ms: 50.166375
  type: 'test'
  ...
# Subtest: cold rebuild imports committed production vector packs without embeddings
ok 2 - cold rebuild imports committed production vector packs without embeddings
  ---
  duration_ms: 46.671959
  type: 'test'
  ...
# Subtest: cold rebuild live-generates only production vectors missing from committed packs
ok 3 - cold rebuild live-generates only production vectors missing from committed packs
  ---
  duration_ms: 45.568875
  type: 'test'
  ...
# Subtest: cold rebuild preserves active archive scope and refs graph with production vector packs
ok 4 - cold rebuild preserves active archive scope and refs graph with production vector packs
  ---
  duration_ms: 82.324917
  type: 'test'
  ...
1..4
# tests 4
# suites 0
# pass 4
# fail 0
# cancelled 0
# skipped 0
# todo 0
# duration_ms 370.120375
