TAP version 13
# Subtest: selectNewestCompatibleSnapshot chooses newest active-spec snapshot and ignores inactive specs
ok 1 - selectNewestCompatibleSnapshot chooses newest active-spec snapshot and ignores inactive specs
  ---
  duration_ms: 16.210916
  type: 'test'
  ...
# Subtest: selectNewestCompatibleSnapshot returns null for no compatible snapshots and ties by snapshot id
ok 2 - selectNewestCompatibleSnapshot returns null for no compatible snapshots and ties by snapshot id
  ---
  duration_ms: 13.235958
  type: 'test'
  ...
# Subtest: discoverSnapshotArtifacts ignores non-directory entries and rejects invalid snapshot roots
ok 3 - discoverSnapshotArtifacts ignores non-directory entries and rejects invalid snapshot roots
  ---
  duration_ms: 3.694625
  type: 'test'
  ...
# Subtest: restoreSnapshotToState copies decompressed bytes into desk state without mutating repo artifacts
ok 4 - restoreSnapshotToState copies decompressed bytes into desk state without mutating repo artifacts
  ---
  duration_ms: 11.30575
  type: 'test'
  ...
# Subtest: restoreSnapshotToState repairs corrupt metadata and missing state DB markers
ok 5 - restoreSnapshotToState repairs corrupt metadata and missing state DB markers
  ---
  duration_ms: 9.829375
  type: 'test'
  ...
# Subtest: restoreSnapshotToState treats corrupt compressed snapshots as cache misses
ok 6 - restoreSnapshotToState treats corrupt compressed snapshots as cache misses
  ---
  duration_ms: 4.12775
  type: 'test'
  ...
# Subtest: restoreSnapshotToState surfaces unwritable state paths
ok 7 - restoreSnapshotToState surfaces unwritable state paths
  ---
  duration_ms: 3.060375
  type: 'test'
  ...
# Subtest: restoreSnapshotToState reports cache miss when no compatible snapshot exists
ok 8 - restoreSnapshotToState reports cache miss when no compatible snapshot exists
  ---
  duration_ms: 0.848041
  type: 'test'
  ...
# Subtest: restoreSnapshotToState is idempotent for repeated compatible restores
ok 9 - restoreSnapshotToState is idempotent for repeated compatible restores
  ---
  duration_ms: 3.9705
  type: 'test'
  ...
1..9
# tests 9
# suites 0
# pass 9
# fail 0
# cancelled 0
# skipped 0
# todo 0
# duration_ms 170.183875
