TAP version 13
# Subtest: canonical tombstone ledger and schema exist under plugin artifacts
ok 1 - canonical tombstone ledger and schema exist under plugin artifacts
  ---
  duration_ms: 5.438708
  type: 'test'
  ...
# Subtest: tombstone loader validates required row fields and repeated tombstones
ok 2 - tombstone loader validates required row fields and repeated tombstones
  ---
  duration_ms: 48.962333
  type: 'test'
  ...
# Subtest: artifact writers reject tombstoned active and archived source docs before writes
ok 3 - artifact writers reject tombstoned active and archived source docs before writes
  ---
  duration_ms: 28.171542
  type: 'test'
  ...
# Subtest: artifact validation rejects packs and snapshots that still reference tombstoned docs
ok 4 - artifact validation rejects packs and snapshots that still reference tombstoned docs
  ---
  duration_ms: 25.55725
  type: 'test'
  ...
# Subtest: tombstone helpers handle defensive edge cases without leaking document details
ok 5 - tombstone helpers handle defensive edge cases without leaking document details
  ---
  duration_ms: 7.578167
  type: 'test'
  ...
# Subtest: artifact rotation cleanup removes obsolete sidecars and keeps active artifacts
ok 6 - artifact rotation cleanup removes obsolete sidecars and keeps active artifacts
  ---
  duration_ms: 5.387333
  type: 'test'
  ...
1..6
# tests 6
# suites 0
# pass 6
# fail 0
# cancelled 0
# skipped 0
# todo 0
# duration_ms 218.79525
