TAP version 13
# Subtest: committed publication policy and schema declare conservative privacy defaults
ok 1 - committed publication policy and schema declare conservative privacy defaults
  ---
  duration_ms: 4.940416
  type: 'test'
  ...
# Subtest: loadPublicationPolicy validates policy JSON against the committed schema
ok 2 - loadPublicationPolicy validates policy JSON against the committed schema
  ---
  duration_ms: 3.862041
  type: 'test'
  ...
# Subtest: publication policy schema requires approval and repository-sensitivity fields
ok 3 - publication policy schema requires approval and repository-sensitivity fields
  ---
  duration_ms: 0.706792
  type: 'test'
  ...
# Subtest: publication policy denies public and sensitive repo artifact publication without approval
ok 4 - publication policy denies public and sensitive repo artifact publication without approval
  ---
  duration_ms: 0.232125
  type: 'test'
  ...
# Subtest: publication policy accepts explicit repo and organization approvals for allowed artifact types
ok 5 - publication policy accepts explicit repo and organization approvals for allowed artifact types
  ---
  duration_ms: 5.182541
  type: 'test'
  ...
# Subtest: artifact write guard blocks vector-pack and snapshot writes without approval
ok 6 - artifact write guard blocks vector-pack and snapshot writes without approval
  ---
  duration_ms: 12.461417
  type: 'test'
  ...
# Subtest: artifact write paths fail closed when the publication policy is invalid
ok 7 - artifact write paths fail closed when the publication policy is invalid
  ---
  duration_ms: 1.960584
  type: 'test'
  ...
# Subtest: ordinary startup does not write committed artifact files
ok 8 - ordinary startup does not write committed artifact files
  ---
  duration_ms: 26.519583
  type: 'test'
  ...
1..8
# tests 8
# suites 0
# pass 8
# fail 0
# cancelled 0
# skipped 0
# todo 0
# duration_ms 206.4755
