TAP version 13
# Subtest: runtime dependency pack artifact paths are deterministic and repo-relative
ok 1 - runtime dependency pack artifact paths are deterministic and repo-relative
  ---
  duration_ms: 56.918583
  type: 'test'
  ...
# Subtest: production dependency closure includes native packages and non-native transitive packages
ok 2 - production dependency closure includes native packages and non-native transitive packages
  ---
  duration_ms: 6.584917
  type: 'test'
  ...
# Subtest: production dependency closure fails closed for malformed lock inputs
ok 3 - production dependency closure fails closed for malformed lock inputs
  ---
  duration_ms: 1.034042
  type: 'test'
  ...
# Subtest: runtime dependency pack manifest validates lock provenance and dependency-only shape
ok 4 - runtime dependency pack manifest validates lock provenance and dependency-only shape
  ---
  duration_ms: 19.655208
  type: 'test'
  ...
# Subtest: runtime dependency archive shape rejects server source and missing dependencies
ok 5 - runtime dependency archive shape rejects server source and missing dependencies
  ---
  duration_ms: 788.901125
  type: 'test'
  ...
# Subtest: runtime dependency archive shape scans package runtime files defensively
ok 6 - runtime dependency archive shape scans package runtime files defensively
  ---
  duration_ms: 5.265167
  type: 'test'
  ...
# Subtest: runtime dependency pack verification checks checksums and unsupported platforms
ok 7 - runtime dependency pack verification checks checksums and unsupported platforms
  ---
  duration_ms: 2255.5855
  type: 'test'
  ...
# Subtest: runtime dependency pack verify CLI reports missing and corrupt artifacts cleanly
ok 8 - runtime dependency pack verify CLI reports missing and corrupt artifacts cleanly
  ---
  duration_ms: 438.38
  type: 'test'
  ...
# Subtest: package declares CI/release scripts for runtime dependency packs
ok 9 - package declares CI/release scripts for runtime dependency packs
  ---
  duration_ms: 1807.653
  type: 'test'
  ...
# Subtest: runtime dependency pack builder handles long paths and CLI argument edge cases
ok 10 - runtime dependency pack builder handles long paths and CLI argument edge cases
  ---
  duration_ms: 588.326959
  type: 'test'
  ...
# Subtest: CI workflow verifies runtime dependency packs for release-maintained artifacts
ok 11 - CI workflow verifies runtime dependency packs for release-maintained artifacts
  ---
  duration_ms: 2.111292
  type: 'test'
  ...
1..11
# tests 11
# suites 0
# pass 11
# fail 0
# cancelled 0
# skipped 0
# todo 0
# duration_ms 6081.338125
