TAP version 13
# Subtest: activation artifact ownership writes generated files and a ledger
ok 1 - activation artifact ownership writes generated files and a ledger
  ---
  duration_ms: 5.269375
  type: 'test'
  ...
# Subtest: activation artifact ownership replaces generated artifacts during upgrades
ok 2 - activation artifact ownership replaces generated artifacts during upgrades
  ---
  duration_ms: 2.574458
  type: 'test'
  ...
# Subtest: deactivation removes owned activation blocks while preserving user-authored config
ok 3 - deactivation removes owned activation blocks while preserving user-authored config
  ---
  duration_ms: 2.07125
  type: 'test'
  ...
# Subtest: deactivation uses ledger never-delete boundaries for desk data
ok 4 - deactivation uses ledger never-delete boundaries for desk data
  ---
  duration_ms: 3.390333
  type: 'test'
  ...
1..4
# tests 4
# suites 0
# pass 4
# fail 0
# cancelled 0
# skipped 0
# todo 0
# duration_ms 100.34
