TAP version 13
# Subtest: runtime cache resolution honors configured, environment, XDG, and HOME fallbacks
ok 1 - runtime cache resolution honors configured, environment, XDG, and HOME fallbacks
  ---
  duration_ms: 4.997125
  type: 'test'
  ...
# Subtest: prepareRuntime restores dependencies, reuses current cache, and imports updated source mirrors
ok 2 - prepareRuntime restores dependencies, reuses current cache, and imports updated source mirrors
  ---
  duration_ms: 24.252958
  type: 'test'
  ...
# Subtest: restoreRuntimeDependencies repairs corrupt or incomplete cache markers
ok 3 - restoreRuntimeDependencies repairs corrupt or incomplete cache markers
  ---
  duration_ms: 7.775459
  type: 'test'
  ...
# Subtest: source hashing ignores nested node_modules and mirrors clean up staging directories
ok 4 - source hashing ignores nested node_modules and mirrors clean up staging directories
  ---
  duration_ms: 6.591708
  type: 'test'
  ...
# Subtest: bootstrap pack verifier rejects missing metadata, drift, corrupt archives, and bundled source
ok 5 - bootstrap pack verifier rejects missing metadata, drift, corrupt archives, and bundled source
  ---
  duration_ms: 23.275417
  type: 'test'
  ...
# Subtest: extractRuntimeArchive handles tar name variants and rejects unsafe paths
ok 6 - extractRuntimeArchive handles tar name variants and rejects unsafe paths
  ---
  duration_ms: 3.741209
  type: 'test'
  ...
# Subtest: runtime pack diagnostics list expected paths, available targets, and remediation
ok 7 - runtime pack diagnostics list expected paths, available targets, and remediation
  ---
  duration_ms: 3.202042
  type: 'test'
  ...
1..7
# tests 7
# suites 0
# pass 7
# fail 0
# cancelled 0
# skipped 0
# todo 0
# duration_ms 164.959375
