TAP version 13
# Subtest: selectNewestCompatibleSnapshot chooses newest active-spec snapshot and ignores inactive specs
ok 1 - selectNewestCompatibleSnapshot chooses newest active-spec snapshot and ignores inactive specs
  ---
  duration_ms: 15.997875
  type: 'test'
  ...
# Subtest: selectNewestCompatibleSnapshot returns null for no compatible snapshots and ties by snapshot id
ok 2 - selectNewestCompatibleSnapshot returns null for no compatible snapshots and ties by snapshot id
  ---
  duration_ms: 15.2765
  type: 'test'
  ...
# Subtest: discoverSnapshotArtifacts ignores non-directory entries and rejects invalid snapshot roots
ok 3 - discoverSnapshotArtifacts ignores non-directory entries and rejects invalid snapshot roots
  ---
  duration_ms: 4.149708
  type: 'test'
  ...
# Subtest: restoreSnapshotToState copies decompressed bytes into desk state without mutating repo artifacts
ok 4 - restoreSnapshotToState copies decompressed bytes into desk state without mutating repo artifacts
  ---
  duration_ms: 15.510375
  type: 'test'
  ...
# Subtest: restoreSnapshotToState repairs corrupt metadata and missing state DB markers
ok 5 - restoreSnapshotToState repairs corrupt metadata and missing state DB markers
  ---
  duration_ms: 7.82775
  type: 'test'
  ...
# Subtest: restoreSnapshotToState treats corrupt compressed snapshots as cache misses
ok 6 - restoreSnapshotToState treats corrupt compressed snapshots as cache misses
  ---
  duration_ms: 2.782208
  type: 'test'
  ...
# Subtest: restoreSnapshotToState surfaces unwritable state paths
ok 7 - restoreSnapshotToState surfaces unwritable state paths
  ---
  duration_ms: 3.706375
  type: 'test'
  ...
# Subtest: restoreSnapshotToState reports cache miss when no compatible snapshot exists
ok 8 - restoreSnapshotToState reports cache miss when no compatible snapshot exists
  ---
  duration_ms: 0.969917
  type: 'test'
  ...
# Subtest: restoreSnapshotToState is idempotent for repeated compatible restores
ok 9 - restoreSnapshotToState is idempotent for repeated compatible restores
  ---
  duration_ms: 2.996792
  type: 'test'
  ...
1..9
# tests 9
# suites 0
# pass 9
# fail 0
# cancelled 0
# skipped 0
# todo 0
# duration_ms 172.556625
