TAP version 13
# Subtest: runtime dependency pack artifact paths are deterministic and repo-relative
ok 1 - runtime dependency pack artifact paths are deterministic and repo-relative
  ---
  duration_ms: 38.8725
  type: 'test'
  ...
# Subtest: production dependency closure includes native packages and non-native transitive packages
ok 2 - production dependency closure includes native packages and non-native transitive packages
  ---
  duration_ms: 4.584375
  type: 'test'
  ...
# Subtest: production dependency closure fails closed for malformed lock inputs
ok 3 - production dependency closure fails closed for malformed lock inputs
  ---
  duration_ms: 0.906875
  type: 'test'
  ...
# Subtest: runtime dependency pack manifest validates lock provenance and dependency-only shape
ok 4 - runtime dependency pack manifest validates lock provenance and dependency-only shape
  ---
  duration_ms: 11.555584
  type: 'test'
  ...
# Subtest: runtime dependency archive shape rejects server source and missing dependencies
ok 5 - runtime dependency archive shape rejects server source and missing dependencies
  ---
  duration_ms: 715.782834
  type: 'test'
  ...
# Subtest: runtime dependency archive shape scans package runtime files defensively
ok 6 - runtime dependency archive shape scans package runtime files defensively
  ---
  duration_ms: 5.226459
  type: 'test'
  ...
# Subtest: runtime dependency pack verification checks checksums and unsupported platforms
ok 7 - runtime dependency pack verification checks checksums and unsupported platforms
  ---
  duration_ms: 2053.011916
  type: 'test'
  ...
# Subtest: package declares CI/release scripts for runtime dependency packs
ok 8 - package declares CI/release scripts for runtime dependency packs
  ---
  duration_ms: 1994.847833
  type: 'test'
  ...
# Subtest: runtime dependency pack builder handles long paths and CLI argument edge cases
ok 9 - runtime dependency pack builder handles long paths and CLI argument edge cases
  ---
  duration_ms: 839.741708
  type: 'test'
  ...
# Subtest: CI workflow verifies runtime dependency packs for release-maintained artifacts
ok 10 - CI workflow verifies runtime dependency packs for release-maintained artifacts
  ---
  duration_ms: 2.322542
  type: 'test'
  ...
1..10
# tests 10
# suites 0
# pass 10
# fail 0
# cancelled 0
# skipped 0
# todo 0
# duration_ms 5761.252875
