TAP version 13
# wrote plugins/desk/activation/support-matrix.json
# Subtest: host capability evidence declares required columns and host rows
ok 1 - host capability evidence declares required columns and host rows
  ---
  duration_ms: 1.9185
  type: 'test'
  ...
# Subtest: support matrix builder validates manifest host support against evidence
ok 2 - support matrix builder validates manifest host support against evidence
  ---
  duration_ms: 1.441875
  type: 'test'
  ...
# Subtest: support matrix validation reports evidence and freshness mismatches
ok 3 - support matrix validation reports evidence and freshness mismatches
  ---
  duration_ms: 0.650417
  type: 'test'
  ...
# Subtest: generated support matrix artifact is fresh
ok 4 - generated support matrix artifact is fresh
  ---
  duration_ms: 0.2595
  type: 'test'
  ...
# Subtest: support matrix package script is wired to regenerate the artifact
ok 5 - support matrix package script is wired to regenerate the artifact
  ---
  duration_ms: 1.391333
  type: 'test'
  ...
1..5
# tests 5
# suites 0
# pass 5
# fail 0
# cancelled 0
# skipped 0
# todo 0
# duration_ms 86.212458
