TAP version 13
# Subtest: activation artifact ownership writes generated files and a ledger
ok 1 - activation artifact ownership writes generated files and a ledger
  ---
  duration_ms: 5.176875
  type: 'test'
  ...
# Subtest: activation artifact ownership replaces generated artifacts during upgrades
ok 2 - activation artifact ownership replaces generated artifacts during upgrades
  ---
  duration_ms: 2.185
  type: 'test'
  ...
# Subtest: deactivation removes owned activation blocks while preserving user-authored config
ok 3 - deactivation removes owned activation blocks while preserving user-authored config
  ---
  duration_ms: 1.401334
  type: 'test'
  ...
# Subtest: deactivation never deletes desk data even when it appears in the ledger
ok 4 - deactivation never deletes desk data even when it appears in the ledger
  ---
  duration_ms: 1.512333
  type: 'test'
  ...
1..4
# tests 4
# suites 0
# pass 4
# fail 0
# cancelled 0
# skipped 0
# todo 0
# duration_ms 96.426917
