TAP version 13
# Subtest: server scaffolds all 14 expected tool names
ok 1 - server scaffolds all 14 expected tool names
  ---
  duration_ms: 0.801416
  type: 'test'
  ...
# Subtest: path resolver expands ~ and rejects nonexistent roots
ok 2 - path resolver expands ~ and rejects nonexistent roots
  ---
  duration_ms: 0.992334
  type: 'test'
  ...
# Subtest: path resolver — explicit --root wins over env + fallbacks
ok 3 - path resolver — explicit --root wins over env + fallbacks
  ---
  duration_ms: 1.516709
  type: 'test'
  ...
# Subtest: path resolver — $DESK env var used when --root absent
ok 4 - path resolver — $DESK env var used when --root absent
  ---
  duration_ms: 1.340459
  type: 'test'
  ...
# Subtest: path resolver — falls through $HOME canonical locations when env unset
ok 5 - path resolver — falls through $HOME canonical locations when env unset
  ---
  duration_ms: 1.966708
  type: 'test'
  ...
# Subtest: path resolver — prefers ms-desk over desk over worker-workspace
ok 6 - path resolver — prefers ms-desk over desk over worker-workspace
  ---
  duration_ms: 1.162625
  type: 'test'
  ...
# Subtest: path resolver — falls back to worker-workspace as last resort
ok 7 - path resolver — falls back to worker-workspace as last resort
  ---
  duration_ms: 1.96075
  type: 'test'
  ...
# Subtest: path resolver — fatal error lists every path tried
ok 8 - path resolver — fatal error lists every path tried
  ---
  duration_ms: 1.989833
  type: 'test'
  ...
1..8
# tests 8
# suites 0
# pass 8
# fail 0
# cancelled 0
# skipped 0
# todo 0
# duration_ms 170.426208
