TAP version 13
# Subtest: vector pack paths are canonical, plugin-root relative, and spec-scoped
ok 1 - vector pack paths are canonical, plugin-root relative, and spec-scoped
  ---
  duration_ms: 2.005709
  type: 'test'
  ...
# Subtest: valid vector packs require adjacent manifest and checksum sidecars
ok 2 - valid vector packs require adjacent manifest and checksum sidecars
  ---
  duration_ms: 20.565666
  type: 'test'
  ...
# Subtest: vector pack validation rejects wrong specs, dimensions, hashes, and malformed vectors
ok 3 - vector pack validation rejects wrong specs, dimensions, hashes, and malformed vectors
  ---
  duration_ms: 16.748333
  type: 'test'
  ...
# Subtest: vector pack validation rejects unknown row fields before sensitive text can enter packs
ok 4 - vector pack validation rejects unknown row fields before sensitive text can enter packs
  ---
  duration_ms: 3.415417
  type: 'test'
  ...
# Subtest: vector pack validation rejects malformed manifests before import
ok 5 - vector pack validation rejects malformed manifests before import
  ---
  duration_ms: 13.767458
  type: 'test'
  ...
# Subtest: vector pack import is idempotent and deduplicates repeated chunk keys across append-only packs
ok 6 - vector pack import is idempotent and deduplicates repeated chunk keys across append-only packs
  ---
  duration_ms: 52.975833
  type: 'test'
  ...
# Subtest: vector pack import accepts empty active packs as no-op artifacts
ok 7 - vector pack import accepts empty active packs as no-op artifacts
  ---
  duration_ms: 9.476708
  type: 'test'
  ...
# Subtest: vector pack validation streams final rows without a trailing newline
ok 8 - vector pack validation streams final rows without a trailing newline
  ---
  duration_ms: 3.760667
  type: 'test'
  ...
# Subtest: vector pack validation flushes incomplete UTF-8 at EOF through row parsing
ok 9 - vector pack validation flushes incomplete UTF-8 at EOF through row parsing
  ---
  duration_ms: 4.009541
  type: 'test'
  ...
# Subtest: vector pack validation yields while streaming many blank lines
ok 10 - vector pack validation yields while streaming many blank lines
  ---
  duration_ms: 5.091375
  type: 'test'
  ...
# Subtest: vector pack validation propagates aborts thrown inside the pack stream reader
ok 11 - vector pack validation propagates aborts thrown inside the pack stream reader
  ---
  duration_ms: 2.291208
  type: 'test'
  ...
# Subtest: vector pack validation reports missing pack bytes after sidecars validate
ok 12 - vector pack validation reports missing pack bytes after sidecars validate
  ---
  duration_ms: 4.933083
  type: 'test'
  ...
# Subtest: vector pack validation surfaces unexpected pack stream failures
ok 13 - vector pack validation surfaces unexpected pack stream failures
  ---
  duration_ms: 1.586792
  type: 'test'
  ...
# Subtest: vector pack validation and import reject when startup abort signal is tripped
ok 14 - vector pack validation and import reject when startup abort signal is tripped
  ---
  duration_ms: 6.134584
  type: 'test'
  ...
# Subtest: vector pack import lets startup abort timers fire before whole-pack validation
ok 15 - vector pack import lets startup abort timers fire before whole-pack validation
  ---
  duration_ms: 9.034125
  type: 'test'
  ...
# Subtest: vector pack import deduplicates repeated chunk keys across packs after hash verification
ok 16 - vector pack import deduplicates repeated chunk keys across packs after hash verification
  ---
  duration_ms: 24.681
  type: 'test'
  ...
# Subtest: vector pack import handles missing pack directories and missing local chunks safely
ok 17 - vector pack import handles missing pack directories and missing local chunks safely
  ---
  duration_ms: 10.065459
  type: 'test'
  ...
# Subtest: vector pack import ignores inactive spec directories and rejects inactive manifests in the active dir
ok 18 - vector pack import ignores inactive spec directories and rejects inactive manifests in the active dir
  ---
  duration_ms: 8.057167
  type: 'test'
  ...
# Subtest: vector pack import surfaces unexpected artifact directory failures
ok 19 - vector pack import surfaces unexpected artifact directory failures
  ---
  duration_ms: 5.184833
  type: 'test'
  ...
# Subtest: vector pack import verifies chunk text hashes against the local DB before inserting
ok 20 - vector pack import verifies chunk text hashes against the local DB before inserting
  ---
  duration_ms: 14.452541
  type: 'test'
  ...
# Subtest: vector pack import inserts vectors for every local chunk that shares a covered chunk key
ok 21 - vector pack import inserts vectors for every local chunk that shares a covered chunk key
  ---
  duration_ms: 27.267625
  type: 'test'
  ...
# Subtest: vector pack import rejects contradictory duplicate rows before deduplication
ok 22 - vector pack import rejects contradictory duplicate rows before deduplication
  ---
  duration_ms: 24.375333
  type: 'test'
  ...
1..22
# tests 22
# suites 0
# pass 22
# fail 0
# cancelled 0
# skipped 0
# todo 0
# duration_ms 388.55175
