TAP version 13
# Subtest: validateVectorPackCompaction accepts semantically equivalent duplicate merge
ok 1 - validateVectorPackCompaction accepts semantically equivalent duplicate merge
  ---
  duration_ms: 3.021917
  type: 'test'
  ...
# Subtest: validateVectorPackCompaction rejects missing rows and mutated vectors
ok 2 - validateVectorPackCompaction rejects missing rows and mutated vectors
  ---
  duration_ms: 0.809125
  type: 'test'
  ...
# Subtest: validateVectorPackCompaction rejects invalid inputs and row metadata drift
ok 3 - validateVectorPackCompaction rejects invalid inputs and row metadata drift
  ---
  duration_ms: 0.639709
  type: 'test'
  ...
# Subtest: validateVectorPackCompaction rejects conflicting source duplicates
ok 4 - validateVectorPackCompaction rejects conflicting source duplicates
  ---
  duration_ms: 0.678084
  type: 'test'
  ...
# Subtest: validateCompactionPreservation compares search scopes and refs graph snapshots
ok 5 - validateCompactionPreservation compares search scopes and refs graph snapshots
  ---
  duration_ms: 0.370833
  type: 'test'
  ...
# Subtest: validateCompactionPreservation compares object search result rows by content
ok 6 - validateCompactionPreservation compares object search result rows by content
  ---
  duration_ms: 0.193333
  type: 'test'
  ...
# Subtest: validateCompactionPreservation rejects missing snapshots and tolerates absent optional arrays
ok 7 - validateCompactionPreservation rejects missing snapshots and tolerates absent optional arrays
  ---
  duration_ms: 0.180125
  type: 'test'
  ...
# Subtest: captureCompactionPreservationSnapshot captures archived docs and removed docs
ok 8 - captureCompactionPreservationSnapshot captures archived docs and removed docs
  ---
  duration_ms: 60.869125
  type: 'test'
  ...
# Subtest: captureCompactionPreservationSnapshot preserves duplicate chunk-key multiplicity
ok 9 - captureCompactionPreservationSnapshot preserves duplicate chunk-key multiplicity
  ---
  duration_ms: 25.358542
  type: 'test'
  ...
# Subtest: captureCompactionPreservationSnapshot catches refs graph recomputation
ok 10 - captureCompactionPreservationSnapshot catches refs graph recomputation
  ---
  duration_ms: 30.503917
  type: 'test'
  ...
# Subtest: desk_search exposes hybrid vs lexical search_mode while preserving archive scopes
ok 11 - desk_search exposes hybrid vs lexical search_mode while preserving archive scopes
  ---
  duration_ms: 42.96925
  type: 'test'
  ...
# Subtest: desk_timeline exposes temporal, hybrid, and lexical search_mode variants
ok 12 - desk_timeline exposes temporal, hybrid, and lexical search_mode variants
  ---
  duration_ms: 42.620625
  type: 'test'
  ...
1..12
# tests 12
# suites 0
# pass 12
# fail 0
# cancelled 0
# skipped 0
# todo 0
# duration_ms 345.755791
