TAP version 13
# Subtest: canonical tombstone ledger and schema exist under plugin artifacts
ok 1 - canonical tombstone ledger and schema exist under plugin artifacts
  ---
  duration_ms: 5.830792
  type: 'test'
  ...
# Subtest: tombstone loader validates required row fields and repeated tombstones
ok 2 - tombstone loader validates required row fields and repeated tombstones
  ---
  duration_ms: 42.018958
  type: 'test'
  ...
# Subtest: artifact writers reject tombstoned active and archived source docs before writes
ok 3 - artifact writers reject tombstoned active and archived source docs before writes
  ---
  duration_ms: 26.270792
  type: 'test'
  ...
# Subtest: artifact validation rejects packs and snapshots that still reference tombstoned docs
ok 4 - artifact validation rejects packs and snapshots that still reference tombstoned docs
  ---
  duration_ms: 22.119583
  type: 'test'
  ...
# Subtest: tombstone helpers handle defensive edge cases without leaking document details
ok 5 - tombstone helpers handle defensive edge cases without leaking document details
  ---
  duration_ms: 5.530125
  type: 'test'
  ...
# Subtest: tombstones make fresh local indexes stale and prune redacted docs
ok 6 - tombstones make fresh local indexes stale and prune redacted docs
  ---
  duration_ms: 30.044791
  type: 'test'
  ...
# Subtest: local index freshness fails closed for corrupt tombstones and schema drift
ok 7 - local index freshness fails closed for corrupt tombstones and schema drift
  ---
  duration_ms: 17.131584
  type: 'test'
  ...
# Subtest: artifact rotation cleanup is gated by compaction validation and snapshot rotation
ok 8 - artifact rotation cleanup is gated by compaction validation and snapshot rotation
  ---
  duration_ms: 6.423333
  type: 'test'
  ...
# Subtest: artifact rotation cleanup removes obsolete sidecars and keeps active artifacts
ok 9 - artifact rotation cleanup removes obsolete sidecars and keeps active artifacts
  ---
  duration_ms: 5.494167
  type: 'test'
  ...
1..9
# tests 9
# suites 0
# pass 9
# fail 0
# cancelled 0
# skipped 0
# todo 0
# duration_ms 314.825917
