TAP version 13
# Subtest: rebuildIndex imports fully covered vector packs without live embedding calls
ok 1 - rebuildIndex imports fully covered vector packs without live embedding calls
  ---
  duration_ms: 45.518417
  type: 'test'
  ...
# Subtest: rebuildIndex live-generates only chunks missing from vector packs
ok 2 - rebuildIndex live-generates only chunks missing from vector packs
  ---
  duration_ms: 27.049667
  type: 'test'
  ...
# Subtest: rebuildIndex with disabled embeddings still succeeds when vector packs cover all chunks
ok 3 - rebuildIndex with disabled embeddings still succeeds when vector packs cover all chunks
  ---
  duration_ms: 26.30375
  type: 'test'
  ...
1..3
# tests 3
# suites 0
# pass 3
# fail 0
# cancelled 0
# skipped 0
# todo 0
# duration_ms 243.800667
