TAP version 13
# Subtest: canonical tombstone ledger and schema exist under plugin artifacts
ok 1 - canonical tombstone ledger and schema exist under plugin artifacts
  ---
  duration_ms: 6.389709
  type: 'test'
  ...
# Subtest: tombstone loader validates required row fields and repeated tombstones
ok 2 - tombstone loader validates required row fields and repeated tombstones
  ---
  duration_ms: 46.9655
  type: 'test'
  ...
# Subtest: artifact writers reject tombstoned active and archived source docs before writes
ok 3 - artifact writers reject tombstoned active and archived source docs before writes
  ---
  duration_ms: 27.358042
  type: 'test'
  ...
# Subtest: artifact validation rejects packs and snapshots that still reference tombstoned docs
ok 4 - artifact validation rejects packs and snapshots that still reference tombstoned docs
  ---
  duration_ms: 21.286333
  type: 'test'
  ...
# Subtest: tombstone helpers handle defensive edge cases without leaking document details
ok 5 - tombstone helpers handle defensive edge cases without leaking document details
  ---
  duration_ms: 10.873708
  type: 'test'
  ...
# Subtest: tombstones make fresh local indexes stale and prune redacted docs
ok 6 - tombstones make fresh local indexes stale and prune redacted docs
  ---
  duration_ms: 36.016667
  type: 'test'
  ...
# Subtest: manual rebuild-index script honors the committed tombstone ledger
ok 7 - manual rebuild-index script honors the committed tombstone ledger
  ---
  duration_ms: 115.76675
  type: 'test'
  ...
# Subtest: manual rebuild-index command helpers stay covered and injectable
ok 8 - manual rebuild-index command helpers stay covered and injectable
  ---
  duration_ms: 2.221208
  type: 'test'
  ...
# Subtest: local index freshness fails closed for corrupt tombstones and schema drift
ok 9 - local index freshness fails closed for corrupt tombstones and schema drift
  ---
  duration_ms: 16.803709
  type: 'test'
  ...
# Subtest: artifact rotation cleanup is gated by compaction validation and snapshot rotation
ok 10 - artifact rotation cleanup is gated by compaction validation and snapshot rotation
  ---
  duration_ms: 7.099834
  type: 'test'
  ...
# Subtest: artifact rotation cleanup removes obsolete sidecars and keeps active artifacts
ok 11 - artifact rotation cleanup removes obsolete sidecars and keeps active artifacts
  ---
  duration_ms: 7.157708
  type: 'test'
  ...
1..11
# tests 11
# suites 0
# pass 11
# fail 0
# cancelled 0
# skipped 0
# todo 0
# duration_ms 449.375459
