TAP version 13
# Subtest: production runtime dependency pack is committed at the current canonical path
ok 1 - production runtime dependency pack is committed at the current canonical path
  ---
  duration_ms: 165.133792
  type: 'test'
  ...
# Subtest: production runtime dependency pack manifest records freshness and dependency-only provenance
ok 2 - production runtime dependency pack manifest records freshness and dependency-only provenance
  ---
  duration_ms: 6.433792
  type: 'test'
  ...
# Subtest: generated artifact freshness script verifies the production runtime dependency pack
ok 3 - generated artifact freshness script verifies the production runtime dependency pack
  ---
  duration_ms: 217.953625
  type: 'test'
  ...
# Subtest: CI checks committed generated artifacts before rebuilding runtime dependency packs
ok 4 - CI checks committed generated artifacts before rebuilding runtime dependency packs
  ---
  duration_ms: 3.12
  type: 'test'
  ...
1..4
# tests 4
# suites 0
# pass 4
# fail 0
# cancelled 0
# skipped 0
# todo 0
# duration_ms 484.67425
