TAP version 13
# Subtest: startup runs bounded ensureIndex before registering the server and forwards artifact status
ok 1 - startup runs bounded ensureIndex before registering the server and forwards artifact status
  ---
  duration_ms: 3.328166
  type: 'test'
  ...
# Subtest: startup reports lexical fallback when snapshots and vector packs cannot cover offline startup
ok 2 - startup reports lexical fallback when snapshots and vector packs cannot cover offline startup
  ---
  duration_ms: 0.901708
  type: 'test'
  ...
# Subtest: startup reports snapshot plus vector-pack fallback and startup errors
ok 3 - startup reports snapshot plus vector-pack fallback and startup errors
  ---
  duration_ms: 1.077333
  type: 'test'
  ...
# Subtest: startup classifies every bounded fallback mode
ok 4 - startup classifies every bounded fallback mode
  ---
  duration_ms: 1.546125
  type: 'test'
  ...
# Subtest: desk_status is registered with a session-start-safe description
ok 5 - desk_status is registered with a session-start-safe description
  ---
  duration_ms: 0.978875
  type: 'test'
  ...
# Subtest: desk_status reports root, runtime, missing DB, and deferred repair state without creating .state
ok 6 - desk_status reports root, runtime, missing DB, and deferred repair state without creating .state
  ---
  duration_ms: 3.416708
  type: 'test'
  ...
# Subtest: desk_status reports stale DB by comparing last_indexed_at to markdown mtimes without reindexing
ok 7 - desk_status reports stale DB by comparing last_indexed_at to markdown mtimes without reindexing
  ---
  duration_ms: 14.905166
  type: 'test'
  ...
# Subtest: desk_status reports fresh and unknown freshness states without repair work
ok 8 - desk_status reports fresh and unknown freshness states without repair work
  ---
  duration_ms: 21.40225
  type: 'test'
  ...
# Subtest: desk_status reports no desk root without trying to inspect a local DB
ok 9 - desk_status reports no desk root without trying to inspect a local DB
  ---
  duration_ms: 0.274041
  type: 'test'
  ...
# Subtest: desk_status sanitizes malformed root context and reports nonexistent roots
ok 10 - desk_status sanitizes malformed root context and reports nonexistent roots
  ---
  duration_ms: 0.521125
  type: 'test'
  ...
# Subtest: desk_status reports existing DB coverage without probing query embeddings
ok 11 - desk_status reports existing DB coverage without probing query embeddings
  ---
  duration_ms: 6.766875
  type: 'test'
  ...
# Subtest: desk_status leaves query embedding unprobed even when the endpoint is unavailable
ok 12 - desk_status leaves query embedding unprobed even when the endpoint is unavailable
  ---
  duration_ms: 0.936792
  type: 'test'
  ...
# Subtest: desk_status defaults unknown startup context and reports partial vector coverage
ok 13 - desk_status defaults unknown startup context and reports partial vector coverage
  ---
  duration_ms: 8.776167
  type: 'test'
  ...
# Subtest: desk_status reports vector coverage against the active embedding spec
ok 14 - desk_status reports vector coverage against the active embedding spec
  ---
  duration_ms: 24.899042
  type: 'test'
  ...
# Subtest: desk_status reports lexical index absence without mutating an existing DB
ok 15 - desk_status reports lexical index absence without mutating an existing DB
  ---
  duration_ms: 3.131
  type: 'test'
  ...
# Subtest: desk_status tolerates an existing DB with missing index tables
ok 16 - desk_status tolerates an existing DB with missing index tables
  ---
  duration_ms: 1.916458
  type: 'test'
  ...
# Subtest: desk_status reports snapshot/vector-pack startup fallback and degraded query embeddings
ok 17 - desk_status reports snapshot/vector-pack startup fallback and degraded query embeddings
  ---
  duration_ms: 35.52375
  type: 'test'
  ...
# Subtest: desk_status reports lexical-only startup fallback when artifacts and embeddings are unavailable
ok 18 - desk_status reports lexical-only startup fallback when artifacts and embeddings are unavailable
  ---
  duration_ms: 7.704625
  type: 'test'
  ...
# Subtest: desk_status preserves explicit vector-pack import state from startup context
ok 19 - desk_status preserves explicit vector-pack import state from startup context
  ---
  duration_ms: 7.405667
  type: 'test'
  ...
# Subtest: desk_status classifies additional artifact startup modes
ok 20 - desk_status classifies additional artifact startup modes
  ---
  duration_ms: 33.418166
  type: 'test'
  ...
1..20
# tests 20
# suites 0
# pass 20
# fail 0
# cancelled 0
# skipped 0
# todo 0
# duration_ms 356.76075
