TAP version 13
# Subtest: production runtime dependency pack is committed at the current canonical path
ok 1 - production runtime dependency pack is committed at the current canonical path
  ---
  duration_ms: 156.379583
  type: 'test'
  ...
# Subtest: production runtime dependency pack manifest records freshness and dependency-only provenance
ok 2 - production runtime dependency pack manifest records freshness and dependency-only provenance
  ---
  duration_ms: 22.853916
  type: 'test'
  ...
# Subtest: generated artifact freshness script verifies the production runtime dependency pack
ok 3 - generated artifact freshness script verifies the production runtime dependency pack
  ---
  duration_ms: 490.053625
  type: 'test'
  ...
# Subtest: generated artifact verification uses explicit published targets instead of the verifier host
ok 4 - generated artifact verification uses explicit published targets instead of the verifier host
  ---
  duration_ms: 141.336166
  type: 'test'
  ...
# Subtest: CI checks committed generated artifacts before rebuilding runtime dependency packs
ok 5 - CI checks committed generated artifacts before rebuilding runtime dependency packs
  ---
  duration_ms: 1.511042
  type: 'test'
  ...
1..5
# tests 5
# suites 0
# pass 5
# fail 0
# cancelled 0
# skipped 0
# todo 0
# duration_ms 956.742917
